
Inserted - Post 1350 - product - Calathea Beauty Star
Inserted - Post 1354 - page - Checkout
Inserted - Post 1356 - page - My account
Inserted - Post 1353 - product - Monstera Deliciosa
Inserted - Post 1355 - product - Bird of Paradise
Inserted - Post 1357 - page - Home
Inserted - Post 1358 - product - Hoya Obovatum
Inserted - Post 1359 - product - Zz Plants
Inserted - Post 1361 - nav_menu_item - Plants
Inserted - Post 1362 - product - Birdnest Japanese
Inserted - Post 1363 - product - Monstera Deliciosa
Inserted - Post 1364 - product - Alocasia Regal Shield
Inserted - Post 1365 - product - Straight Blade Scissor
Inserted - Post 1366 - product - Hoya Obovatum
Inserted - Post 1367 - product - Sansevieria Laurentii
Inserted - Post 1368 - product - Bypass Secateur
Inserted - Post 1369 - product - Birdnest Japanese
Inserted - Post 1370 - product - Golden Pothos Pole
Inserted - Post 1371 - product - Trowel with Plastic Sleeve
Inserted - Post 1372 - product - Straight Blade Scissor
Inserted - Post 1374 - product - Transplanter with Plastic Sleeve
Inserted - Post 1375 - product - Bypass Secateur
Inserted - Post 1376 - product - Ficus Decora Burgundy
Inserted - Post 1378 - product - Trowel with Plastic Sleeve
Inserted - Post 1379 - product - Ficus Decora Cabernet
Inserted - Post 1380 - product - Transplanter with Plastic Sleeve
Inserted - Post 1381 - product - Euphorbia Ingens
Inserted - Post 1382 - product - Single Prong Weeder
Inserted - Post 1383 - product - Pilea Peperomioides
Inserted - Post 1384 - product - Calathea Rufibarba
Inserted - Post 1385 - page - About
Inserted - Post 1386 - page - Contact
Inserted - Post 1387 - nav_menu_item - 
Inserted - Post 1388 - nav_menu_item - 
Inserted - Post 1389 - product - Aralia Ming
Inserted - Post 1390 - product - Pachira Braid
Inserted - Post 1391 - product - Peperomia Lemon Lime
Inserted - Post 1392 - product - Spathiphyllum
Inserted - Post 1393 - product - Dracaena Lisa
Inserted - Post 1394 - product - Calathea Beauty Star
Inserted - Post 1395 - product - Bird of Paradise
Inserted - Post 1396 - product - Zz Plants
Inserted - Post 1397 - product - Monstera Deliciosa
Inserted - Post 1398 - product - Hoya Obovatum
Inserted - Post 1399 - product - Birdnest Japanese
Inserted - Post 1400 - product - Straight Blade Scissor
Inserted - Post 1401 - product - Bypass Secateur
Inserted - Post 1402 - product - Trowel with Plastic Sleeve
Inserted - Post 1403 - product - Transplanter with Plastic Sleeve
Inserted - Post 1404 - product - Single Prong Weeder